2026-06-30 19:49:00 INFO  AvlijaApplication - Starting AvlijaApplication v1.0.0 using Java 19 on Nenads-MacBook-Pro.local with PID 78635 (/Users/nenad/GitHub/Avlija/avlija-1.0.0.jar started by nenad in /Users/nenad/GitHub/Avlija)
2026-06-30 19:49:00 DEBUG AvlijaApplication - Running with Spring Boot v2.7.18, Spring v5.3.31
2026-06-30 19:49:00 INFO  AvlijaApplication - No active profile set, falling back to 1 default profile: "default"
2026-06-30 19:49:03 INFO  Http11NioProtocol - Initializing ProtocolHandler ["https-jsse-nio-8000"]
2026-06-30 19:49:03 INFO  StandardService - Starting service [Tomcat]
2026-06-30 19:49:03 INFO  StandardEngine - Starting Servlet engine: [Apache Tomcat/9.0.83]
2026-06-30 19:49:03 INFO  [/] - Initializing Spring embedded WebApplicationContext
2026-06-30 19:49:05 INFO  Http11NioProtocol - Starting ProtocolHandler ["https-jsse-nio-8000"]
2026-06-30 19:49:06 INFO  certificate - Connector [https-jsse-nio-8000], TLS virtual host [_default_], certificate type [UNDEFINED] configured from keystore [file:/Users/nenad/GitHub/Avlija/avlija.p12] using alias [avlija] with trust store [null]
2026-06-30 19:49:06 INFO  AvlijaApplication - Started AvlijaApplication in 7.094 seconds (JVM running for 9.072)
2026-06-30 19:50:57 INFO  [/] - Initializing Spring DispatcherServlet 'dispatcherServlet'
2026-06-30 19:50:57 INFO  DispatcherServlet - Initializing Servlet 'dispatcherServlet'
2026-06-30 19:50:57 INFO  DispatcherServlet - Completed initialization in 5 ms
2026-06-30 19:50:58 DEBUG BillController - GET /bills/max-date
2026-06-30 19:50:58 INFO  HikariDataSource - HikariPool-1 - Starting...
2026-06-30 19:50:59 INFO  HikariDataSource - HikariPool-1 - Start completed.
2026-06-30 19:50:59 DEBUG BillService - Max bill date: 2025-08-10
2026-06-30 19:50:59 DEBUG InvoiceController - GET /invoice/next-number date=2025-08-10
2026-06-30 19:50:59 DEBUG InvoiceService - Next daily invoice number for 2025-08-10: 1
2026-06-30 19:52:45 DEBUG InvoiceController - GET /invoice/list from=2025-08-09 to=2025-08-09 number=null
2026-06-30 19:52:45 DEBUG InvoiceService - Listing invoices from=2025-08-09 to=2025-08-09 number=null
2026-06-30 19:52:45 DEBUG InvoiceRepository - Listing invoices from=2025-08-09 to=2025-08-09 number=null
2026-06-30 19:52:45 DEBUG InvoiceService - Found 5 invoices
2026-06-30 20:02:42 INFO  HikariDataSource - HikariPool-1 - Shutdown initiated...
2026-06-30 20:02:42 INFO  HikariDataSource - HikariPool-1 - Shutdown completed.
2026-06-30 20:04:43 INFO  DispatcherServlet - Initializing Servlet 'dispatcherServlet'
2026-06-30 20:04:43 INFO  DispatcherServlet - Completed initialization in 3 ms
